  main.cpp
c:\users\lenovo\desktop\src\list\main.cpp(49): warning C4474: printf: 格式字符串中传递的参数太多
  c:\users\lenovo\desktop\src\list\main.cpp(49): note: 占位符和其参数预计 1 可变参数，但提供的却是 2 参数
  c:\users\lenovo\desktop\src\list\main.cpp(93): note: 参见对正在编译的函数 模板 实例化“void testList<int>(int)”的引用
c:\users\lenovo\desktop\src\uniprint\print_traversable.h(16): warning C4477: “printf”: 格式字符串“%d”需要类型“int”的参数，但可变参数 2 拥有了类型“List<T> *”
          with
          [
              T=int
          ]
  c:\users\lenovo\desktop\src\uniprint\print.h(34): note: 参见对正在编译的函数 模板 实例化“void UniPrint::p<T>(T &)”的引用
          with
          [
              T=List<int>
          ]
  c:\users\lenovo\desktop\src\list\main.cpp(38): note: 参见对正在编译的函数 模板 实例化“void print<List<T>>(List<T> &)”的引用
          with
          [
              T=int
          ]
  c:\users\lenovo\desktop\src\list\main.cpp(93): note: 参见对正在编译的函数 模板 实例化“void testList<int>(int)”的引用
  print_basic.cpp
  正在生成代码...
print_basic.obj : warning LNK4075: 忽略“/EDITANDCONTINUE”(由于“/SAFESEH”规范)
  list.vcxproj -> C:\Users\Lenovo\Desktop\src\list\Debug\list.exe
  list.vcxproj -> C:\Users\Lenovo\Desktop\src\list\Debug\list.pdb (Full PDB)
